<?xml version="1.0" encoding="UTF-8"?>
<testsuite xmlns:xsi="http://www.w3.org/2001/XMLSchema-instance" xsi:noNamespaceSchemaLocation="https://maven.apache.org/surefire/maven-surefire-plugin/xsd/surefire-test-report.xsd" version="3.0.2" name="com.web1.Sistema_noticias.SistemaNoticiasApplicationTests" time="2.484" tests="1" errors="0" skipped="0" failures="0">
  <properties>
[...]
</properties>
  <testcase name="contextLoads" classname="com.web1.Sistema_noticias.SistemaNoticiasApplicationTests" time="0.71">
    <system-out><![CDATA[09:58:17.532 [main] INFO org.springframework.test.context.support.AnnotationConfigContextLoaderUtils -- Could not detect default configuration classes for test class [com.web1.Sistema_noticias.SistemaNoticiasApplicationTests]: SistemaNoticiasApplicationTests does not declare any static, non-private, non-final, nested classes annotated with @Configuration.
09:58:17.646 [main] INFO org.springframework.boot.test.context.SpringBootTestContextBootstrapper -- Found @SpringBootConfiguration com.web1.Sistema_noticias.SistemaNoticiasApplication for test class com.web1.Sistema_noticias.SistemaNoticiasApplicationTests
09:58:17.763 [main] INFO org.springframework.boot.devtools.restart.RestartApplicationListener -- Restart disabled due to context in which it is running

  .   ____          _            __ _ _
 /\\ / ___'_ __ _ _(_)_ __  __ _ \ \ \ \
( ( )\___ | '_ | '_| | '_ \/ _` | \ \ \ \
 \\/  ___)| |_)| | | | | || (_| |  ) ) ) )
  '  |____| .__|_| |_|_| |_\__, | / / / /
 =========|_|==============|___/=/_/_/_/

 :: Spring Boot ::                (v3.4.2)

2025-02-18T09:58:18.011-03:00  INFO 31981 --- [Sistema_noticias] [           main] c.w.S.SistemaNoticiasApplicationTests    : Starting SistemaNoticiasApplicationTests using Java 21.0.2 with PID 31981 (started by aluno in /home/aluno/Documentos/github/Sistema_noticias)
2025-02-18T09:58:18.013-03:00  INFO 31981 --- [Sistema_noticias] [           main] c.w.S.SistemaNoticiasApplicationTests    : No active profile set, falling back to 1 default profile: "default"
2025-02-18T09:58:18.878-03:00  INFO 31981 --- [Sistema_noticias] [           main] o.s.b.a.w.s.WelcomePageHandlerMapping    : Adding welcome page template: index
2025-02-18T09:58:19.135-03:00  INFO 31981 --- [Sistema_noticias] [           main] c.w.S.SistemaNoticiasApplicationTests    : Started SistemaNoticiasApplicationTests in 1.383 seconds (process running for 2.17)
]]></system-out>
    <system-err><![CDATA[Mockito is currently self-attaching to enable the inline-mock-maker. This will no longer work in future releases of the JDK. Please add Mockito as an agent to your build what is described in Mockito's documentation: https://javadoc.io/doc/org.mockito/mockito-core/latest/org/mockito/Mockito.html#0.3
WARNING: A Java agent has been loaded dynamically (/home/aluno/.m2/repository/net/bytebuddy/byte-buddy-agent/1.15.11/byte-buddy-agent-1.15.11.jar)
WARNING: If a serviceability tool is in use, please run with -XX:+EnableDynamicAgentLoading to hide this warning
WARNING: If a serviceability tool is not in use, please run with -Djdk.instrument.traceUsage for more information
WARNING: Dynamic loading of agents will be disallowed by default in a future release
]]></system-err>
  </testcase>
</testsuite>